
@IRC ----------------------------------------------
@IRC            ****      IRC Report      ****
@IRC ----------------------------------------------
@IRC  Step    Energy              Change in Energy 
@IRC ----------------------------------------------
@IRC    0  -960.369554053298   -960.369554053298
@IRC    1  -960.369638029754     -0.000083976455
@IRC    2  -960.369882386304     -0.000244356550
@IRC    3  -960.370279873282     -0.000397486978
@IRC    4  -960.370819129282     -0.000539256000
@IRC    5  -960.371484681586     -0.000665552305
@IRC    6  -960.372257682089     -0.000773000503
@IRC    7  -960.373115615878     -0.000857933789
@IRC    8  -960.374032535420     -0.000916919543
@IRC    9  -960.374978188612     -0.000945653192
@IRC   10  -960.375918512005     -0.000940323393
@IRC   11  -960.376814079735     -0.000895567731
@IRC   12  -960.377621932565     -0.000807852830
@IRC   13  -960.378298782354     -0.000676849789
@IRC   14  -960.378814033038     -0.000515250684
@IRC   15  -960.379178541105     -0.000364508067
@IRC   16  -960.379453414135     -0.000274873030
@IRC   17  -960.379681326559     -0.000227912424
@IRC   18  -960.379871593458     -0.000190266899
@IRC   19  -960.380026495786     -0.000154902328
@IRC   20  -960.380148627301     -0.000122131515
@IRC ----------------------------------------------

@IRC -----------------------------------------------------
@IRC              ****     IRC Steps     ****             
@IRC -----------------------------------------------------
@IRC        |          Distance         |
@IRC Step   | Step    Arc       Line    |    Coord   0    Coord   1    Coord   2    Coord   3
@IRC ------------------------------------------------------------------------------------------
@IRC    0      0.00   0.00000    0.00000     -0.00002417   0.00072972   0.00000000  -1.01424260
@IRC    1      0.20   0.19992    0.10412     -0.00245215   0.05392752  -0.00000000  -1.01356709
@IRC    2      0.40   0.39957    0.20826     -0.00485477   0.10709589  -0.00000000  -1.01274186
@IRC    3      0.60   0.59869    0.31244     -0.00724647   0.16016661  -0.00000000  -1.01180768
@IRC    4      0.80   0.79782    0.41671     -0.00968555   0.21320577  -0.00000000  -1.01018541
@IRC    5      1.00   0.99718    0.52122     -0.01209010   0.26609134   0.00000000  -1.00850848
@IRC    6      1.20   1.19664    0.62591     -0.01452205   0.31892136  -0.00000000  -1.00630075
@IRC    7      1.40   1.39630    0.73099     -0.01693906   0.37156409  -0.00000000  -1.00408107
@IRC    8      1.60   1.59613    0.83642     -0.01936298   0.42410143   0.00000000  -1.00140497
@IRC    9      1.80   1.79577    0.94233     -0.02174141   0.47644647  -0.00000000  -0.99883893
@IRC   10      2.00   1.99568    1.04883     -0.02408553   0.52862534   0.00000000  -0.99620862
@IRC   11      2.20   2.19561    1.15598     -0.02647155   0.58055776  -0.00000000  -0.99354361
@IRC   12      2.40   2.39550    1.26370     -0.02876906   0.63214780  -0.00000000  -0.99109151
@IRC   13      2.60   2.59534    1.37175     -0.03115412   0.68289926   0.00000000  -0.98836900
@IRC   14      2.80   2.79493    1.47871     -0.03317478   0.73115757   0.00000000  -0.98704936
@IRC   15      3.00   2.99303    1.58057     -0.03539897   0.77247952   0.00000000  -0.98545194
@IRC   16      3.20   3.18491    1.67527     -0.03621237   0.80301045  -0.00000000  -0.98560912
@IRC   17      3.40   3.37667    1.76560     -0.03756672   0.82577219  -0.00000000  -0.98470001
@IRC   18      3.60   3.56996    1.85545     -0.03818573   0.84571978  -0.00000000  -0.98582086
@IRC   19      3.80   3.76159    1.94464     -0.03911759   0.86553016  -0.00000000  -0.98582674
@IRC   20      4.00   3.95515    2.03410     -0.03991864   0.88525495   0.00000000  -0.98648874
@IRC ------------------------------------------------------------------------------------------
@IRC        |          Distance         |
@IRC Step   | Step    Arc       Line    |    Coord   4    Coord   5    Coord   6    Coord   7
@IRC ------------------------------------------------------------------------------------------
@IRC    0      0.00   0.00000    0.00000     -0.04564626  -1.75769373   2.02801241   0.09251389
@IRC    1      0.20   0.19992    0.10412     -0.04403452  -1.75715524   2.02681078   0.09463833
@IRC    2      0.40   0.39957    0.20826     -0.04194701  -1.75582697   2.02516718   0.09686024
@IRC    3      0.60   0.59869    0.31244     -0.03814564  -1.75373766   2.02258964   0.10023249
@IRC    4      0.80   0.79782    0.41671     -0.03440842  -1.75052174   2.01881262   0.10431614
@IRC    5      1.00   0.99718    0.52122     -0.02778758  -1.74718973   2.01446833   0.11025020
@IRC    6      1.20   1.19664    0.62591     -0.02087617  -1.74265975   2.00900055   0.11721540
@IRC    7      1.40   1.39630    0.73099     -0.01118671  -1.73814033   2.00332265   0.12641211
@IRC    8      1.60   1.59613    0.83642     -0.00031627  -1.73276836   1.99679844   0.13684873
@IRC    9      1.80   1.79577    0.94233      0.01286036  -1.72741231   1.99004456   0.14945311
@IRC   10      2.00   1.99568    1.04883      0.02797392  -1.72157550   1.98241755   0.16357944
@IRC   11      2.20   2.19561    1.15598      0.04490226  -1.71564676   1.97504356   0.18083473
@IRC   12      2.40   2.39550    1.26370      0.06429962  -1.70973195   1.96709162   0.19891011
@IRC   13      2.60   2.59534    1.37175      0.08506477  -1.70394430   1.95986212   0.22080845
@IRC   14      2.80   2.79493    1.47871      0.10904024  -1.69880426   1.95244407   0.24155856
@IRC   15      3.00   2.99303    1.58057      0.13114719  -1.69489321   1.94707620   0.26583694
@IRC   16      3.20   3.18491    1.67527      0.15238655  -1.69274093   1.94383843   0.28437833
@IRC   17      3.40   3.37667    1.76560      0.16841749  -1.69173545   1.94202387   0.30361139
@IRC   18      3.60   3.56996    1.85545      0.18658476  -1.69132967   1.94080622   0.32010169
@IRC   19      3.80   3.76159    1.94464      0.20267268  -1.69072164   1.93947631   0.33708258
@IRC   20      4.00   3.95515    2.03410      0.21991391  -1.69039089   1.93835219   0.35355031
@IRC ------------------------------------------------------------------------------------------
@IRC        |          Distance         |
@IRC Step   | Step    Arc       Line    |    Coord   8    Coord   9    Coord  10    Coord  11
@IRC ------------------------------------------------------------------------------------------
@IRC    0      0.00   0.00000    0.00000      0.00000000  -1.01424260  -0.04564626   1.75769373
@IRC    1      0.20   0.19992    0.10412      0.00000000  -1.01356709  -0.04403452   1.75715524
@IRC    2      0.40   0.39957    0.20826      0.00000000  -1.01274186  -0.04194701   1.75582697
@IRC    3      0.60   0.59869    0.31244     -0.00000000  -1.01180768  -0.03814564   1.75373766
@IRC    4      0.80   0.79782    0.41671     -0.00000000  -1.01018541  -0.03440842   1.75052174
@IRC    5      1.00   0.99718    0.52122      0.00000000  -1.00850848  -0.02778758   1.74718973
@IRC    6      1.20   1.19664    0.62591     -0.00000000  -1.00630075  -0.02087617   1.74265975
@IRC    7      1.40   1.39630    0.73099     -0.00000000  -1.00408107  -0.01118671   1.73814033
@IRC    8      1.60   1.59613    0.83642      0.00000000  -1.00140497  -0.00031627   1.73276836
@IRC    9      1.80   1.79577    0.94233      0.00000000  -0.99883893   0.01286036   1.72741231
@IRC   10      2.00   1.99568    1.04883      0.00000000  -0.99620862   0.02797392   1.72157550
@IRC   11      2.20   2.19561    1.15598     -0.00000000  -0.99354361   0.04490226   1.71564676
@IRC   12      2.40   2.39550    1.26370     -0.00000000  -0.99109151   0.06429962   1.70973195
@IRC   13      2.60   2.59534    1.37175      0.00000000  -0.98836900   0.08506477   1.70394430
@IRC   14      2.80   2.79493    1.47871     -0.00000000  -0.98704936   0.10904024   1.69880426
@IRC   15      3.00   2.99303    1.58057     -0.00000000  -0.98545194   0.13114719   1.69489321
@IRC   16      3.20   3.18491    1.67527     -0.00000000  -0.98560912   0.15238655   1.69274093
@IRC   17      3.40   3.37667    1.76560      0.00000000  -0.98470001   0.16841749   1.69173545
@IRC   18      3.60   3.56996    1.85545      0.00000000  -0.98582086   0.18658476   1.69132967
@IRC   19      3.80   3.76159    1.94464     -0.00000000  -0.98582674   0.20267268   1.69072164
@IRC   20      4.00   3.95515    2.03410      0.00000000  -0.98648874   0.21991391   1.69039089
@IRC ------------------------------------------------------------------------------------------
@IRC        |          Distance         |
@IRC Step   | Step    Arc       Line    |    Coord  12    Coord  13    Coord  14    Coord  15
@IRC ------------------------------------------------------------------------------------------
@IRC    0      0.00   0.00000    0.00000      0.20375343  -4.46301067   0.00000000  -0.20373151
@IRC    1      0.20   0.19992    0.10412      0.20415681  -4.47186578  -0.00000000  -0.20328943
@IRC    2      0.40   0.39957    0.20826      0.20454932  -4.48046306   0.00000000  -0.20283889
@IRC    3      0.60   0.59869    0.31244      0.20495225  -4.48916264   0.00000000  -0.20239174
@IRC    4      0.80   0.79782    0.41671      0.20534479  -4.49778222  -0.00000000  -0.20193227
@IRC    5      1.00   0.99718    0.52122      0.20574245  -4.50639615  -0.00000000  -0.20147125
@IRC    6      1.20   1.19664    0.62591      0.20613389  -4.51496203  -0.00000000  -0.20099859
@IRC    7      1.40   1.39630    0.73099      0.20652821  -4.52359702  -0.00000000  -0.20052836
@IRC    8      1.60   1.59613    0.83642      0.20692750  -4.53233408   0.00000000  -0.20006686
@IRC    9      1.80   1.79577    0.94233      0.20733921  -4.54130767   0.00000000  -0.19961655
@IRC   10      2.00   1.99568    1.04883      0.20776978  -4.55068624   0.00000000  -0.19916976
@IRC   11      2.20   2.19561    1.15598      0.20822931  -4.56075374  -0.00000000  -0.19874773
@IRC   12      2.40   2.39550    1.26370      0.20874462  -4.57197372   0.00000000  -0.19837418
@IRC   13      2.60   2.59534    1.37175      0.20934680  -4.58519575  -0.00000000  -0.19811340
@IRC   14      2.80   2.79493    1.47871      0.21011175  -4.60182355   0.00000000  -0.19799564
@IRC   15      3.00   2.99303    1.58057      0.21107685  -4.62299169  -0.00000000  -0.19819627
@IRC   16      3.20   3.18491    1.67527      0.21218688  -4.64753214   0.00000000  -0.19878167
@IRC   17      3.40   3.37667    1.76560      0.21335864  -4.67314908   0.00000000  -0.19945731
@IRC   18      3.60   3.56996    1.85545      0.21454695  -4.69897107  -0.00000000  -0.20029789
@IRC   19      3.80   3.76159    1.94464      0.21572608  -4.72479057   0.00000000  -0.20107874
@IRC   20      4.00   3.95515    2.03410      0.21691003  -4.75062269  -0.00000000  -0.20188899
@IRC ------------------------------------------------------------------------------------------
@IRC         |          Distance         |
@IRC  Step   | Step    Arc       Line    |    Coord  16    Coord  17
@IRC ----------------------------------------------------------------
@IRC    0      0.00   0.00000    0.00000      4.46272505   0.00000000
@IRC    1      0.20   0.19992    0.10412      4.45317369  -0.00000000
@IRC    2      0.40   0.39957    0.20826      4.44335327   0.00000000
@IRC    3      0.60   0.59869    0.31244      4.43352972  -0.00000000
@IRC    4      0.80   0.79782    0.41671      4.42362168  -0.00000000
@IRC    5      1.00   0.99718    0.52122      4.41353521   0.00000000
@IRC    6      1.20   1.19664    0.62591      4.40338270  -0.00000000
@IRC    7      1.40   1.39630    0.73099      4.39312658  -0.00000000
@IRC    8      1.60   1.59613    0.83642      4.38290733   0.00000000
@IRC    9      1.80   1.79577    0.94233      4.37280050  -0.00000000
@IRC   10      2.00   1.99568    1.04883      4.36299749   0.00000000
@IRC   11      2.20   2.19561    1.15598      4.35377257  -0.00000000
@IRC   12      2.40   2.39550    1.26370      4.34565491   0.00000000
@IRC   13      2.60   2.59534    1.37175      4.33962803  -0.00000000
@IRC   14      2.80   2.79493    1.47871      4.33772840   0.00000000
@IRC   15      3.00   2.99303    1.58057      4.34278720  -0.00000000
@IRC   16      3.20   3.18491    1.67527      4.35508581  -0.00000000
@IRC   17      3.40   3.37667    1.76560      4.37140185   0.00000000
@IRC   18      3.60   3.56996    1.85545      4.38883485  -0.00000000
@IRC   19      3.80   3.76159    1.94464      4.40641074  -0.00000000
@IRC   20      4.00   3.95515    2.03410      4.42396829  -0.00000000
@IRC ----------------------------------------------------------------


