2023-07-21:20:35:47,193 INFO     [psi4.driver.task_planner:283] PLANNING Atomic:  keywords={'SCF__INTS_TOLERANCE': 1e-12, 'function_kwargs': {}}
2023-07-21:20:35:47,194 INFO     [psi4.driver.driver:524] Compute energy(): method=b3lyp, basis=sto-3g, molecule=default, nre=9.062772525153836
2023-07-21:20:35:47,410 INFO     [psi4.driver.driver:527] Return energy(): -75.31258708893552
2023-07-21:20:35:47,425 INFO     [psi4.driver.task_planner:283] PLANNING Atomic:  keywords={'SCF__INTS_TOLERANCE': 1e-12, 'function_kwargs': {}}
2023-07-21:20:35:47,427 INFO     [psi4.driver.driver:524] Compute energy(): method=hf, basis=3-21g, molecule=default, nre=9.062772525153836
2023-07-21:20:35:47,625 INFO     [psi4.driver.driver:527] Return energy(): -75.58575715575037
2023-07-21:20:35:47,639 INFO     [psi4.driver.task_planner:283] PLANNING Atomic:  keywords={'SCF__INTS_TOLERANCE': 1e-12, 'function_kwargs': {}}
2023-07-21:20:35:47,641 INFO     [psi4.driver.driver:524] Compute energy(): method=hf, basis=6-31g, molecule=default, nre=9.062772525153836
2023-07-21:20:35:47,818 INFO     [psi4.driver.driver:527] Return energy(): -75.9845076792428
2023-07-21:20:35:47,833 INFO     [psi4.driver.task_planner:283] PLANNING Atomic:  keywords={'SCF__INTS_TOLERANCE': 1e-12, 'function_kwargs': {}}
2023-07-21:20:35:47,834 INFO     [psi4.driver.driver:524] Compute energy(): method=hf, basis=6-31g(d), molecule=default, nre=9.062772525153836
2023-07-21:20:35:48,18 INFO     [psi4.driver.driver:527] Return energy(): -76.00905417704226
2023-07-21:20:35:48,32 INFO     [psi4.driver.task_planner:283] PLANNING Atomic:  keywords={'SCF__INTS_TOLERANCE': 1e-12, 'function_kwargs': {}}
2023-07-21:20:35:48,34 INFO     [psi4.driver.driver:524] Compute energy(): method=hf, basis=6-31g(d,p), molecule=default, nre=9.062772525153836
2023-07-21:20:35:48,252 INFO     [psi4.driver.driver:527] Return energy(): -76.02154146051673
2023-07-21:20:35:48,266 INFO     [psi4.driver.task_planner:283] PLANNING Atomic:  keywords={'SCF__INTS_TOLERANCE': 1e-12, 'function_kwargs': {}}
2023-07-21:20:35:48,268 INFO     [psi4.driver.driver:524] Compute energy(): method=hf, basis=6-311g, molecule=default, nre=9.062772525153836
2023-07-21:20:35:48,471 INFO     [psi4.driver.driver:527] Return energy(): -76.00974474136245
2023-07-21:20:35:48,498 INFO     [psi4.driver.task_planner:283] PLANNING Atomic:  keywords={'SCF__INTS_TOLERANCE': 1e-12, 'function_kwargs': {}}
2023-07-21:20:35:48,500 INFO     [psi4.driver.driver:524] Compute energy(): method=hf, basis=cc-pvdz, molecule=default, nre=9.062772525153836
2023-07-21:20:35:48,734 INFO     [psi4.driver.driver:527] Return energy(): -76.02501650036159
niel G. A. Smith
                              RKS Reference
                       12 Threads,  15258 MiB Core
         ---------------------------------------------------------

  ==> Geometry <==

    Molecular point group: c2v
    Full point group: C2v

    Geometry (in Angstrom), charge = 0, multiplicity = 1:

       Center              X                  Y                   Z               Mass       
    ------------   -----------------  -----------------  -----------------  -----------------
         O            0.000000000000     0.000000000000    -0.062675830412    15.994914619570
         H            0.792000605218     0.000000000000     0.497355455604     1.007825032230
         H           -0.792000605218    -0.000000000000     0.497355455604     1.007825032230

  Running in c2v symmetry.

  Rotational constants: A =     30.02633  B =     13.33308  C =      9.23314 [cm^-1]
  Rotational constants: A = 900166.58386  B = 399715.54249  C = 276802.46317 [MHz]
  Nuclear repulsion =    9.062772525153836

  Charge       = 0
  Multiplicity = 1
  Electrons    = 10
  Nalpha       = 5
  Nbeta        = 5

  ==> Algorithm <==

  SCF Algorithm Type is DF.
  DIIS enabled.
  MOM disabled.
  Fractional occupation disabled.
  Guess Type is SAD.
  Energy threshold   = 1.00e-06
  Density threshold  = 1.00e-06
  Integral threshold = 1.00e-12

  ==> Primary Basis <==

  Basis Set: STO-3G
    Blend: STO-3G
    Number of shells: 5
    Number of basis functions: 7
    Number of Cartesian functions: 7
    Spherical Harmonics?: true
    Max angular momentum: 1

  ==> DFT Potential <==

   => LibXC <=

    Version 6.2.0
    S. Lehtola, C. Steigemann, M. J.T. Oliveira, and M. A.L. Marques.,  SoftwareX 7, 1–5 (2018) (10.1016/j.softx.2017.11.002)

   => Composite Functional: B3LYP <= 

    B3LYP Hyb-GGA Exchange-Correlation Functional

    P. J. Stephens, F. J. Devlin, C. F. Chabalowski, and M. J. Frisch.,  J. Phys. Chem. 98, 11623 (1994) (10.1021/j100096a001)

    Deriv               =              1
    GGA                 =           TRUE
    Meta                =          FALSE

    Exchange Hybrid     =           TRUE
    MP2 Hybrid          =          FALSE

   => Exchange Functionals <=

    0.0800   Slater exchange
    0.7200         Becke 88

   => Exact (HF) Exchange <=

    0.2000               HF 

   => Correlation Functionals <=

    0.1900   Vosko, Wilk & Nusair (VWN5_RPA)
    0.8100   Lee, Yang & Parr

   => LibXC Density Thresholds  <==

    XC_HYB_GGA_XC_B3LYP:  1.00E-15 

   => Molecular Quadrature <=

    Radial Scheme          =       TREUTLER
    Pruning Scheme         =           NONE
    Nuclear Scheme         =       TREUTLER

    Blocking Scheme        =         OCTREE
    BS radius alpha        =              1
    Pruning alpha          =              1
    Radial Points          =             75
    Spherical Points       =            302
    Total Points           =          65783
    Total Blocks           =            564
    Max Points             =            256
    Max Functions          =              7
    Weights Tolerance      =       1.00E-15

   => Loading Basis Set <=

    Name: (STO-3G AUX)
    Role: JKFIT
    Keyword: DF_BASIS_SCF
    atoms 1   entry O          line   318 file /Users/hidetoshi/.pyenv/versions/mambaforge/envs/psi4-v18/share/psi4/basis/def2-universal-jkfit.gbs 
    atoms 2-3 entry H          line    18 file /Users/hidetoshi/.pyenv/versions/mambaforge/envs/psi4-v18/share/psi4/basis/def2-universal-jkfit.gbs 

  ==> Integral Setup <==

  DFHelper Memory: AOs need 0.000 GiB; user supplied 11.163 GiB. 
  Using in-core AOs.

  ==> MemDFJK: Density-Fitted J/K Matrices <==

    J tasked:                   Yes
    K tasked:                   Yes
    wK tasked:                   No
    OpenMP threads:              12
    Memory [MiB]:             11430
    Algorithm:                 Core
    Schwarz Cutoff:           1E-12
    Mask sparsity (%):       0.0000
    Fitting Condition:        1E-10

   => Auxiliary Basis Set <=

  Basis Set: (STO-3G AUX)
    Blend: DEF2-UNIVERSAL-JKFIT
    Number of shells: 37
    Number of basis functions: 113
    Number of Cartesian functions: 133
    Spherical Harmonics?: true
    Max angular momentum: 4

  Cached 100.0% of DFT collocation blocks in 0.013 [GiB].

  Minimum eigenvalue in the overlap matrix is 3.2221900668E-01.
  Reciprocal condition number of the overlap matrix is 1.8763070338E-01.
    Using symmetric orthogonalization.

  ==> Pre-Iterations <==

  SCF Guess: Superposition of Atomic Densities via on-the-fly atomic UHF (no occupation information).

   -------------------------
    Irrep   Nso     Nmo    
   -------------------------
     A1         4       4 
     A2         0       0 
     B1         2       2 
     B2         1       1 
   -------------------------
    Total       7       7
   -------------------------

  ==> Iterations <==

                           Total Energy        Delta E     RMS |[F,P]|

   @DF-RKS iter SAD:   -74.87327155768665   -7.48733e+01   0.00000e+00 
   @DF-RKS iter   1:   -75.28696093703280   -4.13689e-01   4.02928e-02 ADIIS/DIIS
   @DF-RKS iter   2:   -75.30095776976509   -1.39968e-02   2.90854e-02 ADIIS/DIIS
   @DF-RKS iter   3:   -75.31248031607660   -1.15225e-02   2.78447e-03 ADIIS/DIIS
   @DF-RKS iter   4:   -75.31258705645159   -1.06740e-04   4.87598e-05 DIIS
   @DF-RKS iter   5:   -75.31258708893552   -3.24839e-08   2.38114e-07 DIIS
  Energy and wave function converged.


  ==> Post-Iterations <==

   Electrons on quadrature grid:
      Ntotal   =   10.0000004623 ; deviation = 4.623e-07 

    Orbital Energies [Eh]
    ---------------------

    Doubly Occupied:                                                      

       1A1   -18.830290     2A1    -0.924005     1B1    -0.446469  
       3A1    -0.217421     1B2    -0.140003  

    Virtual:                                                              

       4A1     0.336369     2B1     0.470240  

    Final Occupation by Irrep:
             A1    A2    B1    B2 
    DOCC [     3,    0,    1,    1 ]
    NA   [     3,    0,    1,    1 ]
    NB   [     3,    0,    1,    1 ]

  @DF-RKS Final Energy:   -75.31258708893552

   => Energetics <=

    Nuclear Repulsion Energy =              9.0627725251538358
    One-Electron Energy =                -122.1663437201368652
    Two-Electron Energy =                  45.4174873367321084
    DFT Exchange-Correlation Energy =      -7.6265032306845955
    Empirical Dispersion Energy =           0.0000000000000000
    VV10 Nonlocal Energy =                  0.0000000000000000
    Total Energy =                        -75.3125870889355156

Computation Completed


Properties will be evaluated at   0.000000,   0.000000,   0.000000 [a0]

Properties computed using the SCF density matrix


 Multipole Moments:

 ------------------------------------------------------------------------------------
     Multipole            Electronic (a.u.)      Nuclear  (a.u.)        Total (a.u.)
 ------------------------------------------------------------------------------------

 L = 1.  Multiply by 2.5417464519 to convert [e a0] to [Debye]
 Dipole X            :          0.0000000            0.0000000            0.0000000
 Dipole Y            :          0.0000000            0.0000000            0.0000000
 Dipole Z            :         -0.2906832            0.9322100            0.6415268
 Magnitude           :                                                    0.6415268

 ------------------------------------------------------------------------------------

*** tstop() called on Hidetoshis-Mac-Studio.local at Fri Jul 21 20:35:47 2023
Module time:
	user time   =       0.46 seconds =       0.01 minutes
	system time =       0.12 seconds =       0.00 minutes
	total time  =          0 seconds =       0.00 minutes
Total time:
	user time   =       0.96 seconds =       0.02 minutes
	system time =       0.38 seconds =       0.01 minutes
	total time  =          1 seconds =       0.02 minutes
