2023-07-21:20:35:47,639 INFO     [psi4.driver.task_planner:283] PLANNING Atomic:  keywords={'SCF__INTS_TOLERANCE': 1e-12, 'function_kwargs': {}}
2023-07-21:20:35:47,641 INFO     [psi4.driver.driver:524] Compute energy(): method=hf, basis=6-31g, molecule=default, nre=9.062772525153836
2023-07-21:20:35:47,818 INFO     [psi4.driver.driver:527] Return energy(): -75.9845076792428
2023-07-21:20:35:47,833 INFO     [psi4.driver.task_planner:283] PLANNING Atomic:  keywords={'SCF__INTS_TOLERANCE': 1e-12, 'function_kwargs': {}}
2023-07-21:20:35:47,834 INFO     [psi4.driver.driver:524] Compute energy(): method=hf, basis=6-31g(d), molecule=default, nre=9.062772525153836
2023-07-21:20:35:48,18 INFO     [psi4.driver.driver:527] Return energy(): -76.00905417704226
2023-07-21:20:35:48,32 INFO     [psi4.driver.task_planner:283] PLANNING Atomic:  keywords={'SCF__INTS_TOLERANCE': 1e-12, 'function_kwargs': {}}
2023-07-21:20:35:48,34 INFO     [psi4.driver.driver:524] Compute energy(): method=hf, basis=6-31g(d,p), molecule=default, nre=9.062772525153836
2023-07-21:20:35:48,252 INFO     [psi4.driver.driver:527] Return energy(): -76.02154146051673
2023-07-21:20:35:48,266 INFO     [psi4.driver.task_planner:283] PLANNING Atomic:  keywords={'SCF__INTS_TOLERANCE': 1e-12, 'function_kwargs': {}}
2023-07-21:20:35:48,268 INFO     [psi4.driver.driver:524] Compute energy(): method=hf, basis=6-311g, molecule=default, nre=9.062772525153836
2023-07-21:20:35:48,471 INFO     [psi4.driver.driver:527] Return energy(): -76.00974474136245
2023-07-21:20:35:48,498 INFO     [psi4.driver.task_planner:283] PLANNING Atomic:  keywords={'SCF__INTS_TOLERANCE': 1e-12, 'function_kwargs': {}}
2023-07-21:20:35:48,500 INFO     [psi4.driver.driver:524] Compute energy(): method=hf, basis=cc-pvdz, molecule=default, nre=9.062772525153836
2023-07-21:20:35:48,734 INFO     [psi4.driver.driver:527] Return energy(): -76.02501650036159
ghest AM E, G, H:  6, 5, 4
    Onebody   basis highest AM E, G, H:  6, 5, 4
    Solid Harmonics ordering:            gaussian

*** tstart() called on Hidetoshis-Mac-Studio.local
*** at Fri Jul 21 20:35:47 2023

   => Loading Basis Set <=

    Name: 6-31G
    Role: ORBITAL
    Keyword: BASIS
    atoms 1   entry O          line   117 file /Users/hidetoshi/.pyenv/versions/mambaforge/envs/psi4-v18/share/psi4/basis/6-31g.gbs 
    atoms 2-3 entry H          line    26 file /Users/hidetoshi/.pyenv/versions/mambaforge/envs/psi4-v18/share/psi4/basis/6-31g.gbs 


         ---------------------------------------------------------
                                   SCF
               by Justin Turney, Rob Parrish, Andy Simmonett
                          and Daniel G. A. Smith
                              RHF Reference
                       12 Threads,  15258 MiB Core
         ---------------------------------------------------------

  ==> Geometry <==

    Molecular point group: c2v
    Full point group: C2v

    Geometry (in Angstrom), charge = 0, multiplicity = 1:

       Center              X                  Y                   Z               Mass       
    ------------   -----------------  -----------------  -----------------  -----------------
         O            0.000000000000     0.000000000000    -0.062675830412    15.994914619570
         H            0.792000605218     0.000000000000     0.497355455604     1.007825032230
         H           -0.792000605218    -0.000000000000     0.497355455604     1.007825032230

  Running in c2v symmetry.

  Rotational constants: A =     30.02633  B =     13.33308  C =      9.23314 [cm^-1]
  Rotational constants: A = 900166.58386  B = 399715.54249  C = 276802.46317 [MHz]
  Nuclear repulsion =    9.062772525153836

  Charge       = 0
  Multiplicity = 1
  Electrons    = 10
  Nalpha       = 5
  Nbeta        = 5

  ==> Algorithm <==

  SCF Algorithm Type is DF.
  DIIS enabled.
  MOM disabled.
  Fractional occupation disabled.
  Guess Type is SAD.
  Energy threshold   = 1.00e-06
  Density threshold  = 1.00e-06
  Integral threshold = 1.00e-12

  ==> Primary Basis <==

  Basis Set: 6-31G
    Blend: 6-31G
    Number of shells: 9
    Number of basis functions: 13
    Number of Cartesian functions: 13
    Spherical Harmonics?: false
    Max angular momentum: 1

   => Loading Basis Set <=

    Name: (6-31G AUX)
    Role: JKFIT
    Keyword: DF_BASIS_SCF
    atoms 1   entry O          line   221 file /Users/hidetoshi/.pyenv/versions/mambaforge/envs/psi4-v18/share/psi4/basis/cc-pvdz-jkfit.gbs 
    atoms 2-3 entry H          line    51 file /Users/hidetoshi/.pyenv/versions/mambaforge/envs/psi4-v18/share/psi4/basis/cc-pvdz-jkfit.gbs 

  ==> Integral Setup <==

  DFHelper Memory: AOs need 0.000 GiB; user supplied 11.176 GiB. 
  Using in-core AOs.

  ==> MemDFJK: Density-Fitted J/K Matrices <==

    J tasked:                   Yes
    K tasked:                   Yes
    wK tasked:                   No
    OpenMP threads:              12
    Memory [MiB]:             11444
    Algorithm:                 Core
    Schwarz Cutoff:           1E-12
    Mask sparsity (%):       0.0000
    Fitting Condition:        1E-10

   => Auxiliary Basis Set <=

  Basis Set: (6-31G AUX)
    Blend: CC-PVDZ-JKFIT
    Number of shells: 42
    Number of basis functions: 131
    Number of Cartesian functions: 131
    Spherical Harmonics?: false
    Max angular momentum: 3

  Minimum eigenvalue in the overlap matrix is 6.5935750630E-02.
  Reciprocal condition number of the overlap matrix is 2.2201532016E-02.
    Using symmetric orthogonalization.

  ==> Pre-Iterations <==

  SCF Guess: Superposition of Atomic Densities via on-the-fly atomic UHF (no occupation information).

   -------------------------
    Irrep   Nso     Nmo    
   -------------------------
     A1         7       7 
     A2         0       0 
     B1         4       4 
     B2         2       2 
   -------------------------
    Total      13      13
   -------------------------

  ==> Iterations <==

                           Total Energy        Delta E     RMS |[F,P]|

   @DF-RHF iter SAD:   -75.49989788353554   -7.54999e+01   0.00000e+00 
   @DF-RHF iter   1:   -75.91214635450041   -4.12248e-01   4.84099e-02 ADIIS/DIIS
   @DF-RHF iter   2:   -75.96499550081779   -5.28491e-02   2.83648e-02 ADIIS/DIIS
   @DF-RHF iter   3:   -75.98360236939924   -1.86069e-02   5.24589e-03 ADIIS/DIIS
   @DF-RHF iter   4:   -75.98449302884313   -8.90659e-04   5.15425e-04 ADIIS/DIIS
   @DF-RHF iter   5:   -75.98450722496261   -1.41961e-05   6.87377e-05 DIIS
   @DF-RHF iter   6:   -75.98450765869416   -4.33732e-07   1.36880e-05 DIIS
   @DF-RHF iter   7:   -75.98450767855365   -1.98595e-08   2.61038e-06 DIIS
   @DF-RHF iter   8:   -75.98450767924280   -6.89141e-10   3.61964e-07 DIIS
  Energy and wave function converged.


  ==> Post-Iterations <==

    Orbital Energies [Eh]
    ---------------------

    Doubly Occupied:                                                      

       1A1   -20.559041     2A1    -1.344164     1B1    -0.711180  
       3A1    -0.549197     1B2    -0.498119  

    Virtual:                                                              

       4A1     0.201611     2B1     0.297352     3B1     1.082352  
       5A1     1.146325     2B2     1.166498     6A1     1.209610  
       4B1     1.381264     7A1     1.680055  

    Final Occupation by Irrep:
             A1    A2    B1    B2 
    DOCC [     3,    0,    1,    1 ]
    NA   [     3,    0,    1,    1 ]
    NB   [     3,    0,    1,    1 ]

  @DF-RHF Final Energy:   -75.98450767924280

   => Energetics <=

    Nuclear Repulsion Energy =              9.0627725251538358
    One-Electron Energy =                -122.7711535311774895
    Two-Electron Energy =                  37.7238733267808470
    Total Energy =                        -75.9845076792428102

Computation Completed


Properties will be evaluated at   0.000000,   0.000000,   0.000000 [a0]

Properties computed using the SCF density matrix


 Multipole Moments:

 ------------------------------------------------------------------------------------
     Multipole            Electronic (a.u.)      Nuclear  (a.u.)        Total (a.u.)
 ------------------------------------------------------------------------------------

 L = 1.  Multiply by 2.5417464519 to convert [e a0] to [Debye]
 Dipole X            :          0.0000000            0.0000000            0.0000000
 Dipole Y            :          0.0000000            0.0000000            0.0000000
 Dipole Z            :          0.0699928            0.9322100            1.0022028
 Magnitude           :                                                    1.0022028

 ------------------------------------------------------------------------------------

*** tstop() called on Hidetoshis-Mac-Studio.local at Fri Jul 21 20:35:47 2023
Module time:
	user time   =       0.13 seconds =       0.00 minutes
	system time =       0.18 seconds =       0.00 minutes
	total time  =          0 seconds =       0.00 minutes
Total time:
	user time   =       1.28 seconds =       0.02 minutes
	system time =       0.72 seconds =       0.01 minutes
	total time  =          1 seconds =       0.02 minutes
