2023-07-21:20:35:46,957 INFO     [psi4.driver.task_planner:283] PLANNING Atomic:  keywords={'SCF__INTS_TOLERANCE': 1e-12, 'function_kwargs': {}}
2023-07-21:20:35:46,959 INFO     [psi4.driver.driver:524] Compute energy(): method=mp2, basis=sto-3g, molecule=default, nre=9.062772525153836
2023-07-21:20:35:47,178 INFO     [psi4.driver.driver:527] Return energy(): -74.99758548366677
2023-07-21:20:35:47,193 INFO     [psi4.driver.task_planner:283] PLANNING Atomic:  keywords={'SCF__INTS_TOLERANCE': 1e-12, 'function_kwargs': {}}
2023-07-21:20:35:47,194 INFO     [psi4.driver.driver:524] Compute energy(): method=b3lyp, basis=sto-3g, molecule=default, nre=9.062772525153836
2023-07-21:20:35:47,410 INFO     [psi4.driver.driver:527] Return energy(): -75.31258708893552
2023-07-21:20:35:47,425 INFO     [psi4.driver.task_planner:283] PLANNING Atomic:  keywords={'SCF__INTS_TOLERANCE': 1e-12, 'function_kwargs': {}}
2023-07-21:20:35:47,427 INFO     [psi4.driver.driver:524] Compute energy(): method=hf, basis=3-21g, molecule=default, nre=9.062772525153836
2023-07-21:20:35:47,625 INFO     [psi4.driver.driver:527] Return energy(): -75.58575715575037
2023-07-21:20:35:47,639 INFO     [psi4.driver.task_planner:283] PLANNING Atomic:  keywords={'SCF__INTS_TOLERANCE': 1e-12, 'function_kwargs': {}}
2023-07-21:20:35:47,641 INFO     [psi4.driver.driver:524] Compute energy(): method=hf, basis=6-31g, molecule=default, nre=9.062772525153836
2023-07-21:20:35:47,818 INFO     [psi4.driver.driver:527] Return energy(): -75.9845076792428
2023-07-21:20:35:47,833 INFO     [psi4.driver.task_planner:283] PLANNING Atomic:  keywords={'SCF__INTS_TOLERANCE': 1e-12, 'function_kwargs': {}}
2023-07-21:20:35:47,834 INFO     [psi4.driver.driver:524] Compute energy(): method=hf, basis=6-31g(d), molecule=default, nre=9.062772525153836
2023-07-21:20:35:48,18 INFO     [psi4.driver.driver:527] Return energy(): -76.00905417704226
2023-07-21:20:35:48,32 INFO     [psi4.driver.task_planner:283] PLANNING Atomic:  keywords={'SCF__INTS_TOLERANCE': 1e-12, 'function_kwargs': {}}
2023-07-21:20:35:48,34 INFO     [psi4.driver.driver:524] Compute energy(): method=hf, basis=6-31g(d,p), molecule=default, nre=9.062772525153836
2023-07-21:20:35:48,252 INFO     [psi4.driver.driver:527] Return energy(): -76.02154146051673
2023-07-21:20:35:48,266 INFO     [psi4.driver.task_planner:283] PLANNING Atomic:  keywords={'SCF__INTS_TOLERANCE': 1e-12, 'function_kwargs': {}}
2023-07-21:20:35:48,268 INFO     [psi4.driver.driver:524] Compute energy(): method=hf, basis=6-311g, molecule=default, nre=9.062772525153836
2023-07-21:20:35:48,471 INFO     [psi4.driver.driver:527] Return energy(): -76.00974474136245
2023-07-21:20:35:48,498 INFO     [psi4.driver.task_planner:283] PLANNING Atomic:  keywords={'SCF__INTS_TOLERANCE': 1e-12, 'function_kwargs': {}}
2023-07-21:20:35:48,500 INFO     [psi4.driver.driver:524] Compute energy(): method=hf, basis=cc-pvdz, molecule=default, nre=9.062772525153836
2023-07-21:20:35:48,734 INFO     [psi4.driver.driver:527] Return energy(): -76.02501650036159
 X                  Y                   Z               Mass       
    ------------   -----------------  -----------------  -----------------  -----------------
         O            0.000000000000    -0.000000000000    -0.062675830412    15.994914619570
         H            0.792000605218     0.000000000000     0.497355455604     1.007825032230
         H           -0.792000605218    -0.000000000000     0.497355455604     1.007825032230

  Running in c2v symmetry.

  Rotational constants: A =     30.02633  B =     13.33308  C =      9.23314 [cm^-1]
  Rotational constants: A = 900166.58386  B = 399715.54249  C = 276802.46317 [MHz]
  Nuclear repulsion =    9.062772525153836

  Charge       = 0
  Multiplicity = 1
  Electrons    = 10
  Nalpha       = 5
  Nbeta        = 5

  ==> Algorithm <==

  SCF Algorithm Type is DF.
  DIIS enabled.
  MOM disabled.
  Fractional occupation disabled.
  Guess Type is SAD.
  Energy threshold   = 1.00e-08
  Density threshold  = 1.00e-08
  Integral threshold = 1.00e-12

  ==> Primary Basis <==

  Basis Set: STO-3G
    Blend: STO-3G
    Number of shells: 5
    Number of basis functions: 7
    Number of Cartesian functions: 7
    Spherical Harmonics?: true
    Max angular momentum: 1

   => Loading Basis Set <=

    Name: (STO-3G AUX)
    Role: JKFIT
    Keyword: DF_BASIS_SCF
    atoms 1   entry O          line   318 file /Users/hidetoshi/.pyenv/versions/mambaforge/envs/psi4-v18/share/psi4/basis/def2-universal-jkfit.gbs 
    atoms 2-3 entry H          line    18 file /Users/hidetoshi/.pyenv/versions/mambaforge/envs/psi4-v18/share/psi4/basis/def2-universal-jkfit.gbs 

  ==> Integral Setup <==

  DFHelper Memory: AOs need 0.000 GiB; user supplied 11.176 GiB. 
  Using in-core AOs.

  ==> MemDFJK: Density-Fitted J/K Matrices <==

    J tasked:                   Yes
    K tasked:                   Yes
    wK tasked:                   No
    OpenMP threads:              12
    Memory [MiB]:             11444
    Algorithm:                 Core
    Schwarz Cutoff:           1E-12
    Mask sparsity (%):       0.0000
    Fitting Condition:        1E-10

   => Auxiliary Basis Set <=

  Basis Set: (STO-3G AUX)
    Blend: DEF2-UNIVERSAL-JKFIT
    Number of shells: 37
    Number of basis functions: 113
    Number of Cartesian functions: 133
    Spherical Harmonics?: true
    Max angular momentum: 4

  Minimum eigenvalue in the overlap matrix is 3.2221900668E-01.
  Reciprocal condition number of the overlap matrix is 1.8763070338E-01.
    Using symmetric orthogonalization.

  ==> Pre-Iterations <==

  SCF Guess: Superposition of Atomic Densities via on-the-fly atomic UHF (no occupation information).

   -------------------------
    Irrep   Nso     Nmo    
   -------------------------
     A1         4       4 
     A2         0       0 
     B1         2       2 
     B2         1       1 
   -------------------------
    Total       7       7
   -------------------------

  ==> Iterations <==

                           Total Energy        Delta E     RMS |[F,P]|

   @DF-RHF iter SAD:   -74.18811146356157   -7.41881e+01   0.00000e+00 
   @DF-RHF iter   1:   -74.91255923925895   -7.24448e-01   5.38354e-02 ADIIS/DIIS
   @DF-RHF iter   2:   -74.96074170911635   -4.81825e-02   8.24123e-03 ADIIS/DIIS
   @DF-RHF iter   3:   -74.96164634329816   -9.04634e-04   2.01935e-03 ADIIS/DIIS
   @DF-RHF iter   4:   -74.96172651231097   -8.01690e-05   2.40341e-04 ADIIS/DIIS
   @DF-RHF iter   5:   -74.96172842573021   -1.91342e-06   1.44849e-05 DIIS
   @DF-RHF iter   6:   -74.96172843127020   -5.53999e-09   8.70059e-07 DIIS
   @DF-RHF iter   7:   -74.96172843128969   -1.94831e-11   3.13498e-09 DIIS
  Energy and wave function converged.


  ==> Post-Iterations <==

    Orbital Energies [Eh]
    ---------------------

    Doubly Occupied:                                                      

       1A1   -20.235963     2A1    -1.255907     1B1    -0.618564  
       3A1    -0.439317     1B2    -0.386333  

    Virtual:                                                              

       4A1     0.583009     2B1     0.742288  

    Final Occupation by Irrep:
             A1    A2    B1    B2 
    DOCC [     3,    0,    1,    1 ]
    NA   [     3,    0,    1,    1 ]
    NB   [     3,    0,    1,    1 ]

  @DF-RHF Final Energy:   -74.96172843128969

   => Energetics <=

    Nuclear Repulsion Energy =              9.0627725251538358
    One-Electron Energy =                -122.1768315737370472
    Two-Electron Energy =                  38.1523306172935293
    Total Energy =                        -74.9617284312896857

Computation Completed


Properties will be evaluated at   0.000000,   0.000000,   0.000000 [a0]

Properties computed using the SCF density matrix


 Multipole Moments:

 ------------------------------------------------------------------------------------
     Multipole            Electronic (a.u.)      Nuclear  (a.u.)        Total (a.u.)
 ------------------------------------------------------------------------------------

 L = 1.  Multiply by 2.5417464519 to convert [e a0] to [Debye]
 Dipole X            :          0.0000000            0.0000000            0.0000000
 Dipole Y            :          0.0000000            0.0000000            0.0000000
 Dipole Z            :         -0.2725794            0.9322100            0.6596305
 Magnitude           :                                                    0.6596305

 ------------------------------------------------------------------------------------

*** tstop() called on Hidetoshis-Mac-Studio.local at Fri Jul 21 20:35:47 2023
Module time:
	user time   =       0.25 seconds =       0.00 minutes
	system time =       0.10 seconds =       0.00 minutes
	total time  =          1 seconds =       0.02 minutes
Total time:
	user time   =       0.45 seconds =       0.01 minutes
	system time =       0.24 seconds =       0.00 minutes
	total time  =          1 seconds =       0.02 minutes

*** tstart() called on Hidetoshis-Mac-Studio.local
*** at Fri Jul 21 20:35:47 2023


  //>>>>>>>>>>>>>>>>>>>>>>>>>>>>>>>>>>>//
  //               DFMP2               //
  //<<<<<<<<<<<<<<<<<<<<<<<<<<<<<<<<<<<//

   => Loading Basis Set <=

    Name: (STO-3G AUX)
    Role: RIFIT
    Keyword: DF_BASIS_MP2
    atoms 1   entry O          line   233 file /Users/hidetoshi/.pyenv/versions/mambaforge/envs/psi4-v18/share/psi4/basis/def2-svp-ri.gbs 
    atoms 2-3 entry H          line    22 file /Users/hidetoshi/.pyenv/versions/mambaforge/envs/psi4-v18/share/psi4/basis/def2-svp-ri.gbs 

	 --------------------------------------------------------
	                          DF-MP2                         
	      2nd-Order Density-Fitted Moller-Plesset Theory     
	              RMP2 Wavefunction,  12 Threads             
	                                                         
	        Rob Parrish, Justin Turney, Andy Simmonett,      
	           Ed Hohenstein, and C. David Sherrill          
	 --------------------------------------------------------

   => Auxiliary Basis Set <=

  Basis Set: (STO-3G AUX)
    Blend: DEF2-SVP-RI
    Number of shells: 28
    Number of basis functions: 76
    Number of Cartesian functions: 85
    Spherical Harmonics?: true
    Max angular momentum: 3

	 --------------------------------------------------------
	                 NBF =     7, NAUX =    76
	 --------------------------------------------------------
	   CLASS    FOCC     OCC    AOCC    AVIR     VIR    FVIR
	   PAIRS       0       5       5       2       2       0
	 --------------------------------------------------------

	-----------------------------------------------------------
	 ==================> DF-MP2 Energies <==================== 
	-----------------------------------------------------------
	 Reference Energy          =     -74.9617284312896857 [Eh]
	 Singles Energy            =      -0.0000000000000000 [Eh]
	 Same-Spin Energy          =      -0.0019700777963763 [Eh]
	 Opposite-Spin Energy      =      -0.0338869745807057 [Eh]
	 Correlation Energy        =      -0.0358570523770820 [Eh]
	 Total Energy              =     -74.9975854836667679 [Eh]
	-----------------------------------------------------------
	 ================> DF-SCS-MP2 Energies <================== 
	-----------------------------------------------------------
	 SCS Same-Spin Scale       =       0.3333333333333333 [-]
	 SCS Opposite-Spin Scale   =       1.2000000000000000 [-]
	 SCS Same-Spin Energy      =      -0.0006566925987921 [Eh]
	 SCS Opposite-Spin Energy  =      -0.0406643694968469 [Eh]
	 SCS Correlation Energy    =      -0.0413210620956390 [Eh]
	 SCS Total Energy          =     -75.0030494933853191 [Eh]
	-----------------------------------------------------------


*** tstop() called on Hidetoshis-Mac-Studio.local at Fri Jul 21 20:35:47 2023
Module time:
	user time   =       0.03 seconds =       0.00 minutes
	system time =       0.01 seconds =       0.00 minutes
	total time  =          0 seconds =       0.00 minutes
Total time:
	user time   =       0.48 seconds =       0.01 minutes
	system time =       0.26 seconds =       0.00 minutes
	total time  =          1 seconds =       0.02 minutes
